<?xml version="1.0" encoding="UTF-8"?>
<!-- Generated by org.testng.reporters.JUnitXMLReporter -->
<testsuite hostname="LAPTOP-C2G5F0C2" name="Test" tests="3" failures="0" timestamp="25 Sep 2019 05:36:26 GMT" time="33.779" errors="0">
  <testcase name="basePageNavigation" time="0.09" classname="Amazon.NevigationTest"/>
  <testcase name="basePageNavigation" time="15.326" classname="Amazon.OrderLoginTestWithWorngEmail"/>
  <testcase name="basePageNavigation" time="9.067" classname="Amazon.OrderLoginTestWithWorngEmail"/>
</testsuite> <!-- Test -->
