<?xml version="1.0" encoding="UTF-8"?>
<testng-results skipped="0" failed="2" total="3" passed="1">
  <reporter-output>
  </reporter-output>
  <suite name="Suite" duration-ms="21790" started-at="2019-09-25T20:31:40Z" finished-at="2019-09-25T20:32:02Z">
    <groups>
    </groups>
    <test name="Navigation test" duration-ms="8087" started-at="2019-09-25T20:31:40Z" finished-at="2019-09-25T20:31:48Z">
      <class name="Amazon.NevigationTest">
        <test-method status="PASS" signature="initialize()[pri:0, instance:Amazon.NevigationTest@647e447]" name="initialize" is-config="true" duration-ms="5675" started-at="2019-09-25T16:31:40Z" finished-at="2019-09-25T16:31:46Z">
          <reporter-output>
          </reporter-output>
        </test-method> <!-- initialize -->
        <test-method status="PASS" signature="basePageNavigation(java.lang.String)[pri:0, instance:Amazon.NevigationTest@647e447]" name="basePageNavigation" duration-ms="78" started-at="2019-09-25T16:31:46Z" data-provider="getData" finished-at="2019-09-25T16:31:46Z">
          <params>
            <param index="0">
              <value>
                <![CDATA[wrongaddress124@gmail.com]]>
              </value>
            </param>
          </params>
          <reporter-output>
          </reporter-output>
        </test-method> <!-- basePageNavigation -->
        <test-method status="PASS" signature="teardown()[pri:0, instance:Amazon.NevigationTest@647e447]" name="teardown" is-config="true" duration-ms="2327" started-at="2019-09-25T16:31:46Z" finished-at="2019-09-25T16:31:48Z">
          <reporter-output>
          </reporter-output>
        </test-method> <!-- teardown -->
      </class> <!-- Amazon.NevigationTest -->
    </test> <!-- Navigation test -->
    <test name="login wrong email test" duration-ms="13623" started-at="2019-09-25T20:31:48Z" finished-at="2019-09-25T20:32:02Z">
      <class name="Amazon.OrderLoginTestWithWorngEmail">
        <test-method status="PASS" signature="initialize()[pri:0, instance:Amazon.OrderLoginTestWithWorngEmail@40ef3420]" name="initialize" is-config="true" duration-ms="2240" started-at="2019-09-25T16:31:48Z" finished-at="2019-09-25T16:31:51Z">
          <reporter-output>
          </reporter-output>
        </test-method> <!-- initialize -->
        <test-method status="FAIL" signature="orerPageWrongLogin(java.lang.String)[pri:0, instance:Amazon.OrderLoginTestWithWorngEmail@40ef3420]" name="orerPageWrongLogin" duration-ms="4913" started-at="2019-09-25T16:31:51Z" data-provider="getData" finished-at="2019-09-25T16:31:55Z">
          <params>
            <param index="0">
              <value>
                <![CDATA[wrongaddress124@gmail.com]]>
              </value>
            </param>
          </params>
          <exception class="junit.framework.ComparisonFailure">
            <message>
              <![CDATA[expected:<...> but was:<1...>]]>
            </message>
            <full-stacktrace>
              <![CDATA[junit.framework.ComparisonFailure: expected:<...> but was:<1...>
	at junit.framework.Assert.assertEquals(Assert.java:81)
	at junit.framework.Assert.assertEquals(Assert.java:87)
	at Amazon.OrderLoginTestWithWorngEmail.orerPageWrongLogin(OrderLoginTestWithWorngEmail.java:47)
	at sun.reflect.NativeMethodAccessorImpl.invoke0(Native Method)
	at sun.reflect.NativeMethodAccessorImpl.invoke(NativeMethodAccessorImpl.java:62)
	at sun.reflect.DelegatingMethodAccessorImpl.invoke(DelegatingMethodAccessorImpl.java:43)
	at java.lang.reflect.Method.invoke(Method.java:498)
	at org.testng.internal.MethodInvocationHelper.invokeMethod(MethodInvocationHelper.java:80)
	at org.testng.internal.Invoker.invokeMethod(Invoker.java:714)
	at org.testng.internal.Invoker.invokeTestMethod(Invoker.java:901)
	at org.testng.internal.Invoker.invokeTestMethods(Invoker.java:1231)
	at org.testng.internal.TestMethodWorker.invokeTestMethods(TestMethodWorker.java:127)
	at org.testng.internal.TestMethodWorker.run(TestMethodWorker.java:111)
	at org.testng.TestRunner.privateRun(TestRunner.java:767)
	at org.testng.TestRunner.run(TestRunner.java:617)
	at org.testng.SuiteRunner.runTest(SuiteRunner.java:334)
	at org.testng.SuiteRunner.runSequentially(SuiteRunner.java:329)
	at org.testng.SuiteRunner.privateRun(SuiteRunner.java:291)
	at org.testng.SuiteRunner.run(SuiteRunner.java:240)
	at org.testng.SuiteRunnerWorker.runSuite(SuiteRunnerWorker.java:52)
	at org.testng.SuiteRunnerWorker.run(SuiteRunnerWorker.java:86)
	at org.testng.TestNG.runSuitesSequentially(TestNG.java:1198)
	at org.testng.TestNG.runSuitesLocally(TestNG.java:1123)
	at org.testng.TestNG.run(TestNG.java:1031)
	at org.apache.maven.surefire.testng.TestNGExecutor.run(TestNGExecutor.java:283)
	at org.apache.maven.surefire.testng.TestNGXmlTestSuite.execute(TestNGXmlTestSuite.java:75)
	at org.apache.maven.surefire.testng.TestNGProvider.invoke(TestNGProvider.java:120)
	at org.apache.maven.surefire.booter.ForkedBooter.invokeProviderInSameClassLoader(ForkedBooter.java:384)
	at org.apache.maven.surefire.booter.ForkedBooter.runSuitesInProcess(ForkedBooter.java:345)
	at org.apache.maven.surefire.booter.ForkedBooter.execute(ForkedBooter.java:126)
	at org.apache.maven.surefire.booter.ForkedBooter.main(ForkedBooter.java:418)
]]>
            </full-stacktrace>
          </exception> <!-- junit.framework.ComparisonFailure -->
          <reporter-output>
          </reporter-output>
        </test-method> <!-- orerPageWrongLogin -->
        <test-method status="FAIL" signature="orerPageWrongLogin(java.lang.String)[pri:0, instance:Amazon.OrderLoginTestWithWorngEmail@40ef3420]" name="orerPageWrongLogin" duration-ms="3469" started-at="2019-09-25T16:31:56Z" data-provider="getData" finished-at="2019-09-25T16:31:59Z">
          <params>
            <param index="0">
              <value>
                <![CDATA[wrong233@gmail.com]]>
              </value>
            </param>
          </params>
          <exception class="junit.framework.ComparisonFailure">
            <message>
              <![CDATA[expected:<...> but was:<1...>]]>
            </message>
            <full-stacktrace>
              <![CDATA[junit.framework.ComparisonFailure: expected:<...> but was:<1...>
	at junit.framework.Assert.assertEquals(Assert.java:81)
	at junit.framework.Assert.assertEquals(Assert.java:87)
	at Amazon.OrderLoginTestWithWorngEmail.orerPageWrongLogin(OrderLoginTestWithWorngEmail.java:47)
	at sun.reflect.NativeMethodAccessorImpl.invoke0(Native Method)
	at sun.reflect.NativeMethodAccessorImpl.invoke(NativeMethodAccessorImpl.java:62)
	at sun.reflect.DelegatingMethodAccessorImpl.invoke(DelegatingMethodAccessorImpl.java:43)
	at java.lang.reflect.Method.invoke(Method.java:498)
	at org.testng.internal.MethodInvocationHelper.invokeMethod(MethodInvocationHelper.java:80)
	at org.testng.internal.Invoker.invokeMethod(Invoker.java:714)
	at org.testng.internal.Invoker.invokeTestMethod(Invoker.java:901)
	at org.testng.internal.Invoker.invokeTestMethods(Invoker.java:1231)
	at org.testng.internal.TestMethodWorker.invokeTestMethods(TestMethodWorker.java:127)
	at org.testng.internal.TestMethodWorker.run(TestMethodWorker.java:111)
	at org.testng.TestRunner.privateRun(TestRunner.java:767)
	at org.testng.TestRunner.run(TestRunner.java:617)
	at org.testng.SuiteRunner.runTest(SuiteRunner.java:334)
	at org.testng.SuiteRunner.runSequentially(SuiteRunner.java:329)
	at org.testng.SuiteRunner.privateRun(SuiteRunner.java:291)
	at org.testng.SuiteRunner.run(SuiteRunner.java:240)
	at org.testng.SuiteRunnerWorker.runSuite(SuiteRunnerWorker.java:52)
	at org.testng.SuiteRunnerWorker.run(SuiteRunnerWorker.java:86)
	at org.testng.TestNG.runSuitesSequentially(TestNG.java:1198)
	at org.testng.TestNG.runSuitesLocally(TestNG.java:1123)
	at org.testng.TestNG.run(TestNG.java:1031)
	at org.apache.maven.surefire.testng.TestNGExecutor.run(TestNGExecutor.java:283)
	at org.apache.maven.surefire.testng.TestNGXmlTestSuite.execute(TestNGXmlTestSuite.java:75)
	at org.apache.maven.surefire.testng.TestNGProvider.invoke(TestNGProvider.java:120)
	at org.apache.maven.surefire.booter.ForkedBooter.invokeProviderInSameClassLoader(ForkedBooter.java:384)
	at org.apache.maven.surefire.booter.ForkedBooter.runSuitesInProcess(ForkedBooter.java:345)
	at org.apache.maven.surefire.booter.ForkedBooter.execute(ForkedBooter.java:126)
	at org.apache.maven.surefire.booter.ForkedBooter.main(ForkedBooter.java:418)
]]>
            </full-stacktrace>
          </exception> <!-- junit.framework.ComparisonFailure -->
          <reporter-output>
          </reporter-output>
        </test-method> <!-- orerPageWrongLogin -->
        <test-method status="PASS" signature="teardown()[pri:0, instance:Amazon.OrderLoginTestWithWorngEmail@40ef3420]" name="teardown" is-config="true" duration-ms="2317" started-at="2019-09-25T16:32:00Z" finished-at="2019-09-25T16:32:02Z">
          <reporter-output>
          </reporter-output>
        </test-method> <!-- teardown -->
      </class> <!-- Amazon.OrderLoginTestWithWorngEmail -->
    </test> <!-- login wrong email test -->
    <test name="Test" duration-ms="0" started-at="2019-09-25T20:32:02Z" finished-at="2019-09-25T20:32:02Z">
    </test> <!-- Test -->
  </suite> <!-- Suite -->
</testng-results>
