<?xml version="1.0" encoding="UTF-8"?>
<testng-results skipped="0" failed="0" total="3" passed="3">
  <reporter-output>
  </reporter-output>
  <suite name="Suite" duration-ms="33779" started-at="2019-09-25T05:35:52Z" finished-at="2019-09-25T05:36:26Z">
    <groups>
    </groups>
    <test name="Test" duration-ms="33779" started-at="2019-09-25T05:35:52Z" finished-at="2019-09-25T05:36:26Z">
      <class name="Amazon.OrderLoginTestWithWorngEmail">
        <test-method status="PASS" signature="basePageNavigation(java.lang.String)[pri:0, instance:Amazon.OrderLoginTestWithWorngEmail@d8355a8]" name="basePageNavigation" duration-ms="15326" started-at="2019-09-25T01:36:00Z" data-provider="getData" finished-at="2019-09-25T01:36:15Z">
          <params>
            <param index="0">
              <value>
                <![CDATA[wrongaddress124@gmail.com]]>
              </value>
            </param>
          </params>
          <reporter-output>
          </reporter-output>
        </test-method> <!-- basePageNavigation -->
        <test-method status="PASS" signature="basePageNavigation(java.lang.String)[pri:0, instance:Amazon.OrderLoginTestWithWorngEmail@d8355a8]" name="basePageNavigation" duration-ms="9067" started-at="2019-09-25T01:36:15Z" data-provider="getData" finished-at="2019-09-25T01:36:24Z">
          <params>
            <param index="0">
              <value>
                <![CDATA[wrong233@gmail.com]]>
              </value>
            </param>
          </params>
          <reporter-output>
          </reporter-output>
        </test-method> <!-- basePageNavigation -->
      </class> <!-- Amazon.OrderLoginTestWithWorngEmail -->
      <class name="Amazon.NevigationTest">
        <test-method status="PASS" signature="initialize()[pri:0, instance:Amazon.NevigationTest@c038203]" name="initialize" is-config="true" duration-ms="7199" started-at="2019-09-25T01:35:52Z" finished-at="2019-09-25T01:35:59Z">
          <reporter-output>
          </reporter-output>
        </test-method> <!-- initialize -->
        <test-method status="PASS" signature="basePageNavigation(java.lang.String)[pri:0, instance:Amazon.NevigationTest@c038203]" name="basePageNavigation" duration-ms="90" started-at="2019-09-25T01:35:59Z" data-provider="getData" finished-at="2019-09-25T01:36:00Z">
          <params>
            <param index="0">
              <value>
                <![CDATA[wrongaddress124@gmail.com]]>
              </value>
            </param>
          </params>
          <reporter-output>
          </reporter-output>
        </test-method> <!-- basePageNavigation -->
        <test-method status="PASS" signature="teardown()[pri:0, instance:Amazon.NevigationTest@c038203]" name="teardown" is-config="true" duration-ms="2078" started-at="2019-09-25T01:36:24Z" finished-at="2019-09-25T01:36:26Z">
          <reporter-output>
          </reporter-output>
        </test-method> <!-- teardown -->
      </class> <!-- Amazon.NevigationTest -->
    </test> <!-- Test -->
  </suite> <!-- Suite -->
</testng-results>
