<?xml version="1.0" encoding="UTF-8"?>
<!-- Generated by org.testng.reporters.JUnitXMLReporter -->
<testsuite hostname="LAPTOP-C2G5F0C2" name="Test" tests="3" failures="0" timestamp="25 Sep 2019 06:16:50 GMT" time="21.34" errors="0">
  <testcase name="basePageNavigation" time="0.067" classname="Amazon.NevigationTest"/>
  <testcase name="basePageNavigation" time="5.007" classname="Amazon.OrderLoginTestWithWorngEmail"/>
  <testcase name="basePageNavigation" time="6.489" classname="Amazon.OrderLoginTestWithWorngEmail"/>
</testsuite> <!-- Test -->
